<?xml version="1.0" encoding="UTF-8"?>
<!-- Generated by org.testng.reporters.JUnitReportReporter -->
<testsuite hostname="TRAINING04" name="tests.cargotest" tests="1" failures="0" timestamp="29 Sep 2014 06:52:41 GMT" time="18.910" errors="0">
  <testcase name="test" time="18.910" classname="tests.cargotest"/>
</testsuite> <!-- tests.cargotest -->
