<?xml version="1.0" encoding="UTF-8"?>
<!-- Generated by org.testng.reporters.JUnitReportReporter -->
<testsuite hostname="TRAINING04" name="tests.footer" tests="1" failures="0" timestamp="25 Sep 2014 06:45:44 GMT" time="26.806" errors="0">
  <testcase name="test" time="26.806" classname="tests.footer"/>
</testsuite> <!-- tests.footer -->
