<?xml version="1.0" encoding="UTF-8"?>
<!-- Generated by org.testng.reporters.JUnitReportReporter -->
<testsuite hostname="TRAINING04" name="tests.footer" tests="1" failures="0" timestamp="25 Sep 2014 11:28:32 GMT" time="29.284" errors="0">
  <testcase name="test" time="29.284" classname="tests.footer"/>
</testsuite> <!-- tests.footer -->
