<?xml version="1.0" encoding="UTF-8"?>
<!-- Generated by org.testng.reporters.JUnitReportReporter -->
<testsuite hostname="TRAINING04" name="tests.NewTest1" tests="1" failures="0" timestamp="15 Sep 2014 07:17:34 GMT" time="28.233" errors="0">
  <testcase name="test" time="28.233" classname="tests.NewTest1"/>
</testsuite> <!-- tests.NewTest1 -->
