<?xml version="1.0" encoding="UTF-8"?>
<!-- Generated by org.testng.reporters.JUnitReportReporter -->
<testsuite hostname="TRAINING04" name="tests.cargotest" tests="1" failures="0" timestamp="25 Sep 2014 06:45:44 GMT" time="13.918" errors="0">
  <testcase name="test" time="13.918" classname="tests.cargotest"/>
</testsuite> <!-- tests.cargotest -->
